<?xml version="1.0" ?>
<coverage version="7.11.1" timestamp="1769345427767" lines-valid="233" lines-covered="233" line-rate="1" branches-covered="0" branches-valid="0" branch-rate="0" complexity="0">
	<!-- Generated by coverage.py: https://coverage.readthedocs.io/en/7.11.1 -->
	<!-- Based on https://raw.githubusercontent.com/cobertura/web/master/htdocs/xml/coverage-04.dtd -->
	<sources>
		<source>C:\Users\sebta\Documents\clone github\test\test</source>
	</sources>
	<packages>
		<package name="notifications" line-rate="1" branch-rate="0" complexity="0">
			<classes>
				<class name="telegram_notifier.py" filename="notifications/telegram_notifier.py" complexity="0" line-rate="1" branch-rate="0">
					<methods/>
					<lines>
						<line number="13" hits="1"/>
						<line number="14" hits="1"/>
						<line number="15" hits="1"/>
						<line number="16" hits="1"/>
						<line number="17" hits="1"/>
						<line number="18" hits="1"/>
						<line number="19" hits="1"/>
						<line number="21" hits="1"/>
						<line number="24" hits="1"/>
						<line number="31" hits="1"/>
						<line number="49" hits="1"/>
						<line number="51" hits="1"/>
						<line number="52" hits="1"/>
						<line number="53" hits="1"/>
						<line number="54" hits="1"/>
						<line number="57" hits="1"/>
						<line number="58" hits="1"/>
						<line number="61" hits="1"/>
						<line number="62" hits="1"/>
						<line number="65" hits="1"/>
						<line number="66" hits="1"/>
						<line number="68" hits="1"/>
						<line number="69" hits="1"/>
						<line number="71" hits="1"/>
						<line number="73" hits="1"/>
						<line number="74" hits="1"/>
						<line number="84" hits="1"/>
						<line number="85" hits="1"/>
						<line number="89" hits="1"/>
						<line number="90" hits="1"/>
						<line number="91" hits="1"/>
						<line number="92" hits="1"/>
						<line number="93" hits="1"/>
						<line number="95" hits="1"/>
						<line number="105" hits="1"/>
						<line number="108" hits="1"/>
						<line number="109" hits="1"/>
						<line number="110" hits="1"/>
						<line number="113" hits="1"/>
						<line number="114" hits="1"/>
						<line number="115" hits="1"/>
						<line number="116" hits="1"/>
						<line number="119" hits="1"/>
						<line number="120" hits="1"/>
						<line number="122" hits="1"/>
						<line number="139" hits="1"/>
						<line number="140" hits="1"/>
						<line number="141" hits="1"/>
						<line number="144" hits="1"/>
						<line number="146" hits="1"/>
						<line number="149" hits="1"/>
						<line number="150" hits="1"/>
						<line number="151" hits="1"/>
						<line number="152" hits="1"/>
						<line number="153" hits="1"/>
						<line number="155" hits="1"/>
						<line number="157" hits="1"/>
						<line number="159" hits="1"/>
						<line number="164" hits="1"/>
						<line number="165" hits="1"/>
						<line number="166" hits="1"/>
						<line number="167" hits="1"/>
						<line number="169" hits="1"/>
						<line number="170" hits="1"/>
						<line number="171" hits="1"/>
						<line number="173" hits="1"/>
						<line number="175" hits="1"/>
						<line number="182" hits="1"/>
						<line number="183" hits="1"/>
						<line number="184" hits="1"/>
						<line number="185" hits="1"/>
						<line number="186" hits="1"/>
						<line number="187" hits="1"/>
						<line number="192" hits="1"/>
						<line number="193" hits="1"/>
						<line number="194" hits="1"/>
						<line number="196" hits="1"/>
						<line number="197" hits="1"/>
						<line number="198" hits="1"/>
						<line number="199" hits="1"/>
						<line number="200" hits="1"/>
						<line number="201" hits="1"/>
						<line number="202" hits="1"/>
						<line number="203" hits="1"/>
						<line number="204" hits="1"/>
						<line number="205" hits="1"/>
						<line number="206" hits="1"/>
						<line number="208" hits="1"/>
						<line number="209" hits="1"/>
						<line number="210" hits="1"/>
						<line number="212" hits="1"/>
						<line number="213" hits="1"/>
						<line number="214" hits="1"/>
						<line number="215" hits="1"/>
						<line number="217" hits="1"/>
						<line number="218" hits="1"/>
						<line number="219" hits="1"/>
						<line number="223" hits="1"/>
						<line number="230" hits="1"/>
						<line number="233" hits="1"/>
						<line number="234" hits="1"/>
						<line number="235" hits="1"/>
						<line number="236" hits="1"/>
						<line number="237" hits="1"/>
						<line number="238" hits="1"/>
						<line number="239" hits="1"/>
						<line number="240" hits="1"/>
						<line number="241" hits="1"/>
						<line number="244" hits="1"/>
						<line number="247" hits="1"/>
						<line number="250" hits="1"/>
						<line number="251" hits="1"/>
						<line number="254" hits="1"/>
						<line number="255" hits="1"/>
						<line number="256" hits="1"/>
						<line number="258" hits="1"/>
						<line number="259" hits="1"/>
						<line number="262" hits="1"/>
						<line number="264" hits="1"/>
						<line number="280" hits="1"/>
						<line number="282" hits="1"/>
						<line number="290" hits="1"/>
						<line number="293" hits="1"/>
						<line number="294" hits="1"/>
						<line number="295" hits="1"/>
						<line number="296" hits="1"/>
						<line number="297" hits="1"/>
						<line number="298" hits="1"/>
						<line number="299" hits="1"/>
						<line number="300" hits="1"/>
						<line number="301" hits="1"/>
						<line number="304" hits="1"/>
						<line number="305" hits="1"/>
						<line number="306" hits="1"/>
						<line number="307" hits="1"/>
						<line number="308" hits="1"/>
						<line number="309" hits="1"/>
						<line number="311" hits="1"/>
						<line number="312" hits="1"/>
						<line number="315" hits="1"/>
						<line number="316" hits="1"/>
						<line number="317" hits="1"/>
						<line number="318" hits="1"/>
						<line number="320" hits="1"/>
						<line number="323" hits="1"/>
						<line number="324" hits="1"/>
						<line number="327" hits="1"/>
						<line number="329" hits="1"/>
						<line number="343" hits="1"/>
						<line number="345" hits="1"/>
						<line number="352" hits="1"/>
						<line number="353" hits="1"/>
						<line number="356" hits="1"/>
						<line number="357" hits="1"/>
						<line number="358" hits="1"/>
						<line number="359" hits="1"/>
						<line number="360" hits="1"/>
						<line number="361" hits="1"/>
						<line number="362" hits="1"/>
						<line number="365" hits="1"/>
						<line number="367" hits="1"/>
						<line number="377" hits="1"/>
						<line number="379" hits="1"/>
						<line number="386" hits="1"/>
						<line number="389" hits="1"/>
						<line number="390" hits="1"/>
						<line number="391" hits="1"/>
						<line number="392" hits="1"/>
						<line number="393" hits="1"/>
						<line number="396" hits="1"/>
						<line number="398" hits="1"/>
						<line number="410" hits="1"/>
						<line number="412" hits="1"/>
						<line number="421" hits="1"/>
						<line number="422" hits="1"/>
						<line number="423" hits="1"/>
						<line number="426" hits="1"/>
						<line number="429" hits="1"/>
						<line number="431" hits="1"/>
						<line number="440" hits="1"/>
						<line number="442" hits="1"/>
						<line number="450" hits="1"/>
						<line number="451" hits="1"/>
						<line number="452" hits="1"/>
						<line number="455" hits="1"/>
						<line number="457" hits="1"/>
						<line number="466" hits="1"/>
						<line number="468" hits="1"/>
						<line number="475" hits="1"/>
						<line number="476" hits="1"/>
						<line number="477" hits="1"/>
						<line number="478" hits="1"/>
						<line number="479" hits="1"/>
						<line number="480" hits="1"/>
						<line number="481" hits="1"/>
						<line number="483" hits="1"/>
						<line number="485" hits="1"/>
						<line number="487" hits="1"/>
						<line number="500" hits="1"/>
						<line number="502" hits="1"/>
						<line number="511" hits="1"/>
						<line number="512" hits="1"/>
						<line number="513" hits="1"/>
						<line number="516" hits="1"/>
						<line number="518" hits="1"/>
						<line number="527" hits="1"/>
						<line number="529" hits="1"/>
						<line number="536" hits="1"/>
						<line number="538" hits="1"/>
						<line number="545" hits="1"/>
						<line number="556" hits="1"/>
						<line number="557" hits="1"/>
						<line number="558" hits="1"/>
						<line number="560" hits="1"/>
						<line number="561" hits="1"/>
						<line number="564" hits="1"/>
						<line number="565" hits="1"/>
						<line number="568" hits="1"/>
						<line number="569" hits="1"/>
						<line number="571" hits="1"/>
						<line number="572" hits="1"/>
						<line number="573" hits="1"/>
						<line number="575" hits="1"/>
						<line number="577" hits="1"/>
						<line number="578" hits="1"/>
						<line number="579" hits="1"/>
						<line number="581" hits="1"/>
						<line number="593" hits="1"/>
						<line number="595" hits="1"/>
						<line number="597" hits="1"/>
						<line number="605" hits="1"/>
						<line number="609" hits="1"/>
						<line number="627" hits="1"/>
					</lines>
				</class>
			</classes>
		</package>
	</packages>
</coverage>
